<?xml version="1.0" encoding="UTF-8"?>
<testng-results ignored="0" total="1" passed="1" failed="0" skipped="0">
  <reporter-output>
  </reporter-output>
  <suite started-at="2025-04-23T12:16:36 IST" name="Suite" finished-at="2025-04-23T12:16:45 IST" duration-ms="8771">
    <groups>
    </groups>
    <test started-at="2025-04-23T12:16:36 IST" name="Test" finished-at="2025-04-23T12:16:45 IST" duration-ms="8771">
      <class name="Tests.Standalonetest">
        <test-method is-config="true" signature="start()[pri:0, instance:Tests.Standalonetest@233795b6]" started-at="2025-04-23T12:16:36 IST" name="start" finished-at="2025-04-23T12:16:45 IST" duration-ms="8364" status="PASS">
          <reporter-output>
          </reporter-output>
        </test-method> <!-- start -->
        <test-method signature="run()[pri:0, instance:Tests.Standalonetest@233795b6]" started-at="2025-04-23T12:16:45 IST" name="run" finished-at="2025-04-23T12:16:45 IST" duration-ms="381" status="PASS">
          <reporter-output>
          </reporter-output>
        </test-method> <!-- run -->
        <test-method is-config="true" signature="wsait()[pri:0, instance:Tests.Standalonetest@233795b6]" started-at="2025-04-23T12:16:45 IST" name="wsait" finished-at="2025-04-23T12:16:45 IST" duration-ms="5" status="PASS">
          <reporter-output>
          </reporter-output>
        </test-method> <!-- wsait -->
      </class> <!-- Tests.Standalonetest -->
    </test> <!-- Test -->
  </suite> <!-- Suite -->
</testng-results>
