<?xml version="1.0" encoding="UTF-8"?>
<testng-results ignored="0" total="1" passed="1" failed="0" skipped="0">
  <reporter-output>
  </reporter-output>
  <suite started-at="2025-04-28T17:59:26 IST" name="Suite" finished-at="2025-04-28T17:59:46 IST" duration-ms="19906">
    <groups>
    </groups>
    <test started-at="2025-04-28T17:59:26 IST" name="Test" finished-at="2025-04-28T17:59:46 IST" duration-ms="19906">
      <class name="Tests.Standalonetest">
        <test-method is-config="true" signature="start()[pri:0, instance:Tests.Standalonetest@c730b35]" started-at="2025-04-28T17:59:26 IST" name="start" finished-at="2025-04-28T17:59:46 IST" duration-ms="19689" status="PASS">
          <reporter-output>
          </reporter-output>
        </test-method> <!-- start -->
        <test-method signature="run()[pri:0, instance:Tests.Standalonetest@c730b35]" started-at="2025-04-28T17:59:46 IST" name="run" finished-at="2025-04-28T17:59:46 IST" duration-ms="192" status="PASS">
          <reporter-output>
          </reporter-output>
        </test-method> <!-- run -->
        <test-method is-config="true" signature="wsait()[pri:0, instance:Tests.Standalonetest@c730b35]" started-at="2025-04-28T17:59:46 IST" name="wsait" finished-at="2025-04-28T17:59:46 IST" duration-ms="2" status="PASS">
          <reporter-output>
          </reporter-output>
        </test-method> <!-- wsait -->
      </class> <!-- Tests.Standalonetest -->
    </test> <!-- Test -->
  </suite> <!-- Suite -->
</testng-results>
